2015-07-13 00:32:13,932 - data - INFO - ---------------------------------------------
2015-07-13 00:32:13,932 - data - INFO - data size 0.75 data set adult
2015-07-13 00:32:13,933 - data - INFO - [0.83343647776500751, 0.83038634957121382]
2015-07-13 00:32:13,943 - data - INFO - [0.6173065204143815, 0.60267163715439576]
2015-07-13 00:32:13,943 - data - INFO - [0.10844111442565918, 0.10903406143188477]
2015-07-13 00:32:13,944 - data - INFO - [22622, 22622]
2015-07-13 00:32:13,944 - data - INFO - ---------------------------------------------
2015-07-13 00:33:36,453 - data - INFO - ---------------------------------------------
2015-07-13 00:33:36,454 - data - INFO - data size 0.75 data set adult
2015-07-13 00:33:36,454 - data - INFO - [0.83325965873928032, 0.82658474051807973]
2015-07-13 00:33:36,454 - data - INFO - [0.62219551282051289, 0.60417717687418016]
2015-07-13 00:33:36,455 - data - INFO - [0.1081390380859375, 0.1051328182220459]
2015-07-13 00:33:36,455 - data - INFO - [22622, 22622]
2015-07-13 00:33:36,455 - data - INFO - ---------------------------------------------
2015-07-13 00:33:40,946 - data - INFO - ---------------------------------------------
2015-07-13 00:33:40,946 - data - INFO - data size 0.5 data set adult
2015-07-13 00:33:40,946 - data - INFO - [0.83747762084742394, 0.8341621908361514]
2015-07-13 00:33:40,947 - data - INFO - [0.62251655629139069, 0.60976751443282884]
2015-07-13 00:33:40,947 - data - INFO - [0.0718240737915039, 0.0724191665649414]
2015-07-13 00:33:40,947 - data - INFO - [15081, 15081]
2015-07-13 00:33:40,948 - data - INFO - ---------------------------------------------
2015-07-13 00:34:49,918 - data - INFO - ---------------------------------------------
2015-07-13 00:34:49,918 - data - INFO - data size 0.75 data set adult
2015-07-13 00:34:49,918 - data - INFO - [0.83595614888161962, 0.83440898240650696]
2015-07-13 00:34:49,919 - data - INFO - [0.62074603985692389, 0.61516334497637148]
2015-07-13 00:34:49,919 - data - INFO - [0.1085348129272461, 0.11195898056030273]
2015-07-13 00:34:49,919 - data - INFO - [22622, 22622]
2015-07-13 00:34:49,919 - data - INFO - ---------------------------------------------
2015-07-13 00:34:54,255 - data - INFO - ---------------------------------------------
2015-07-13 00:34:54,255 - data - INFO - data size 0.5 data set adult
2015-07-13 00:34:54,255 - data - INFO - [0.83661560904449306, 0.83581990584178767]
2015-07-13 00:34:54,256 - data - INFO - [0.61774744027303752, 0.61516941249611434]
2015-07-13 00:34:54,256 - data - INFO - [0.07115483283996582, 0.07600784301757812]
2015-07-13 00:34:54,256 - data - INFO - [15081, 15081]
2015-07-13 00:34:54,256 - data - INFO - ---------------------------------------------
2015-07-13 00:35:01,205 - data - INFO - ---------------------------------------------
2015-07-13 00:35:01,206 - data - INFO - data size 0.25 data set adult
2015-07-13 00:35:01,206 - data - INFO - [0.83927861026389072, 0.83039384696989793]
2015-07-13 00:35:01,207 - data - INFO - [0.62101313320825513, 0.60730733804114223]
2015-07-13 00:35:01,207 - data - INFO - [0.02571702003479004, 0.03804898262023926]
2015-07-13 00:35:01,208 - data - INFO - [7541, 7541]
2015-07-13 00:35:01,208 - data - INFO - ---------------------------------------------
2015-07-13 00:35:01,309 - data - INFO - ---------------------------------------------
2015-07-13 00:35:01,309 - data - INFO - data size 0.75 data set heart
2015-07-13 00:35:01,309 - data - INFO - [0.73232323232323238, 0.73737373737373735]
2015-07-13 00:35:01,310 - data - INFO - [0.670807453416149, 0.59999999999999998]
2015-07-13 00:35:01,311 - data - INFO - [0.0009491443634033203, 0.0011150836944580078]
2015-07-13 00:35:01,311 - data - INFO - [198, 198]
2015-07-13 00:35:01,312 - data - INFO - ---------------------------------------------
2015-07-13 00:35:01,431 - data - INFO - ---------------------------------------------
2015-07-13 00:35:01,432 - data - INFO - data size 0.5 data set heart
2015-07-13 00:35:01,432 - data - INFO - [0.75757575757575757, 0.69696969696969702]
2015-07-13 00:35:01,433 - data - INFO - [0.68000000000000005, 0.62962962962962965]
2015-07-13 00:35:01,433 - data - INFO - [0.002022981643676758, 0.0021610260009765625]
2015-07-13 00:35:01,434 - data - INFO - [132, 132]
2015-07-13 00:35:01,435 - data - INFO - ---------------------------------------------
2015-07-13 00:35:01,572 - data - INFO - ---------------------------------------------
2015-07-13 00:35:01,572 - data - INFO - data size 0.25 data set heart
2015-07-13 00:35:01,573 - data - INFO - [0.74242424242424243, 0.84848484848484851]
2015-07-13 00:35:01,573 - data - INFO - [0.63829787234042556, 0.78260869565217384]
2015-07-13 00:35:01,573 - data - INFO - [0.0019240379333496094, 0.0012278556823730469]
2015-07-13 00:35:01,574 - data - INFO - [66, 66]
2015-07-13 00:35:01,574 - data - INFO - ---------------------------------------------
2015-07-13 00:35:02,988 - data - INFO - ---------------------------------------------
2015-07-13 00:35:02,988 - data - INFO - data size 0.75 data set letter
2015-07-13 00:35:02,989 - data - INFO - [0.89866666666666661, 0.90100000000000002]
2015-07-13 00:35:02,989 - data - INFO - [0.89330338340586801, 0.89554758387845534]
2015-07-13 00:35:02,989 - data - INFO - [0.07841300964355469, 0.08842301368713379]
2015-07-13 00:35:02,989 - data - INFO - [15000, 15000]
2015-07-13 00:35:02,990 - data - INFO - ---------------------------------------------
2015-07-13 00:35:05,426 - data - INFO - ---------------------------------------------
2015-07-13 00:35:05,426 - data - INFO - data size 0.5 data set letter
2015-07-13 00:35:05,427 - data - INFO - [0.91839999999999999, 0.91059999999999997]
2015-07-13 00:35:05,427 - data - INFO - [0.91496456857023756, 0.90563647878404052]
2015-07-13 00:35:05,427 - data - INFO - [0.038580894470214844, 0.03850102424621582]
2015-07-13 00:35:05,427 - data - INFO - [10000, 10000]
2015-07-13 00:35:05,428 - data - INFO - ---------------------------------------------
2015-07-13 00:35:09,150 - data - INFO - ---------------------------------------------
2015-07-13 00:35:09,150 - data - INFO - data size 0.25 data set letter
2015-07-13 00:35:09,150 - data - INFO - [0.92879999999999996, 0.93259999999999998]
2015-07-13 00:35:09,150 - data - INFO - [0.92805173807599028, 0.93146227374415291]
2015-07-13 00:35:09,151 - data - INFO - [0.020342111587524414, 0.016685962677001953]
2015-07-13 00:35:09,151 - data - INFO - [5000, 5000]
2015-07-13 00:35:09,151 - data - INFO - ---------------------------------------------
2015-07-13 00:35:09,274 - data - INFO - ---------------------------------------------
2015-07-13 00:35:09,274 - data - INFO - data size 0.75 data set austra
2015-07-13 00:35:09,274 - data - INFO - [0.84555984555984554, 0.83976833976833976]
2015-07-13 00:35:09,275 - data - INFO - [0.8253275109170306, 0.80919540229885056]
2015-07-13 00:35:09,275 - data - INFO - [0.0033118724822998047, 0.0025517940521240234]
2015-07-13 00:35:09,275 - data - INFO - [518, 518]
2015-07-13 00:35:09,276 - data - INFO - ---------------------------------------------
2015-07-13 00:35:09,423 - data - INFO - ---------------------------------------------
2015-07-13 00:35:09,424 - data - INFO - data size 0.5 data set austra
2015-07-13 00:35:09,424 - data - INFO - [0.79710144927536231, 0.77681159420289858]
2015-07-13 00:35:09,425 - data - INFO - [0.76027397260273977, 0.73539518900343626]
2015-07-13 00:35:09,425 - data - INFO - [0.001886129379272461, 0.0027909278869628906]
2015-07-13 00:35:09,426 - data - INFO - [345, 345]
2015-07-13 00:35:09,426 - data - INFO - ---------------------------------------------
2015-07-13 00:35:09,595 - data - INFO - ---------------------------------------------
2015-07-13 00:35:09,596 - data - INFO - data size 0.25 data set austra
2015-07-13 00:35:09,596 - data - INFO - [0.80346820809248554, 0.81502890173410403]
2015-07-13 00:35:09,596 - data - INFO - [0.77027027027027029, 0.80000000000000004]
2015-07-13 00:35:09,597 - data - INFO - [0.0017991065979003906, 0.0014748573303222656]
2015-07-13 00:35:09,597 - data - INFO - [173, 173]
2015-07-13 00:35:09,597 - data - INFO - ---------------------------------------------
2015-07-13 00:35:09,764 - data - INFO - ---------------------------------------------
2015-07-13 00:35:09,764 - data - INFO - data size 0.75 data set german
2015-07-13 00:35:09,764 - data - INFO - [0.72266666666666668, 0.71599999999999997]
2015-07-13 00:35:09,764 - data - INFO - [0.40571428571428569, 0.46616541353383456]
2015-07-13 00:35:09,765 - data - INFO - [0.003721952438354492, 0.004725933074951172]
2015-07-13 00:35:09,765 - data - INFO - [750, 750]
2015-07-13 00:35:09,765 - data - INFO - ---------------------------------------------
2015-07-13 00:35:09,984 - data - INFO - ---------------------------------------------
2015-07-13 00:35:09,984 - data - INFO - data size 0.5 data set german
2015-07-13 00:35:09,984 - data - INFO - [0.74199999999999999, 0.72399999999999998]
2015-07-13 00:35:09,984 - data - INFO - [0.41628959276018096, 0.41025641025641024]
2015-07-13 00:35:09,985 - data - INFO - [0.0031669139862060547, 0.0037069320678710938]
2015-07-13 00:35:09,985 - data - INFO - [500, 500]
2015-07-13 00:35:09,985 - data - INFO - ---------------------------------------------
2015-07-13 00:35:10,262 - data - INFO - ---------------------------------------------
2015-07-13 00:35:10,263 - data - INFO - data size 0.25 data set german
2015-07-13 00:35:10,263 - data - INFO - [0.77200000000000002, 0.71999999999999997]
2015-07-13 00:35:10,263 - data - INFO - [0.57142857142857151, 0.375]
2015-07-13 00:35:10,264 - data - INFO - [0.001989126205444336, 0.0020270347595214844]
2015-07-13 00:35:10,264 - data - INFO - [250, 250]
2015-07-13 00:35:10,264 - data - INFO - ---------------------------------------------
2015-07-13 00:35:40,039 - data - INFO - ---------------------------------------------
2015-07-13 00:35:40,040 - data - INFO - data size 0.75 data set adult
2015-07-13 00:35:40,040 - data - INFO - [0.75731588718946163, 0.75656440633012112]
2015-07-13 00:35:40,040 - data - INFO - [0.038865546218487396, 0.039085674402373059]
2015-07-13 00:35:40,040 - data - INFO - [2.903491973876953, 2.6692769527435303]
2015-07-13 00:35:40,041 - data - INFO - [22622, 22622]
2015-07-13 00:35:40,041 - data - INFO - ---------------------------------------------
