2015-07-13 00:27:41,726 - debug - INFO - *************************************** bagging
2015-07-13 00:31:11,361 - debug - INFO - *************************************** bagging
2015-07-13 00:31:11,361 - debug - INFO - ***** start adult
2015-07-13 00:31:11,362 - debug - INFO - ***** start size 0.75
2015-07-13 00:31:11,441 - debug - INFO - ********* start cross validation
2015-07-13 00:31:11,441 - debug - INFO - start cross val
2015-07-13 00:31:11,905 - debug - INFO - end cross val
2015-07-13 00:31:11,905 - debug - INFO - start cross val
2015-07-13 00:31:12,796 - debug - INFO - end cross val
2015-07-13 00:31:12,797 - debug - INFO - start cross val
2015-07-13 00:31:14,566 - debug - INFO - end cross val
2015-07-13 00:31:14,566 - debug - INFO - start cross val
2015-07-13 00:31:18,083 - debug - INFO - end cross val
2015-07-13 00:31:18,084 - debug - INFO - start cross val
2015-07-13 00:31:25,344 - debug - INFO - end cross val
2015-07-13 00:31:25,345 - debug - INFO - start cross val
2015-07-13 00:32:11,549 - debug - INFO - *************************************** bagging
2015-07-13 00:32:11,550 - debug - INFO - ***** start adult
2015-07-13 00:32:11,550 - debug - INFO - ***** start size 0.75
2015-07-13 00:32:11,619 - debug - INFO - ********* start cross validation
2015-07-13 00:32:11,619 - debug - INFO - start cross val
2015-07-13 00:32:12,104 - debug - INFO - end cross val
2015-07-13 00:32:12,104 - debug - INFO - start cross val
2015-07-13 00:32:13,026 - debug - INFO - end cross val
2015-07-13 00:32:13,026 - debug - INFO - ************* end cross validation
2015-07-13 00:32:13,483 - debug - INFO - ------------- end loop -----
2015-07-13 00:32:13,931 - debug - INFO - ------------- end loop -----
2015-07-13 00:32:13,944 - debug - INFO - *********** end size
2015-07-13 00:32:13,944 - debug - INFO - ***** start size 0.5
2015-07-13 00:32:14,010 - debug - INFO - ********* start cross validation
2015-07-13 00:32:14,010 - debug - INFO - start cross val
2015-07-13 00:32:15,119 - debug - INFO - end cross val
2015-07-13 00:32:15,120 - debug - INFO - start cross val
2015-07-13 00:33:34,156 - debug - INFO - *************************************** bagging
2015-07-13 00:33:34,156 - debug - INFO - ***** start adult
2015-07-13 00:33:34,156 - debug - INFO - ***** start size 0.75
2015-07-13 00:33:34,219 - debug - INFO - ********* start cross validation
2015-07-13 00:33:34,219 - debug - INFO - start cross val
2015-07-13 00:33:34,691 - debug - INFO - end cross val
2015-07-13 00:33:34,691 - debug - INFO - start cross val
2015-07-13 00:33:35,601 - debug - INFO - end cross val
2015-07-13 00:33:35,602 - debug - INFO - ************* end cross validation
2015-07-13 00:33:36,021 - debug - INFO - ------------- end loop -----
2015-07-13 00:33:36,453 - debug - INFO - ------------- end loop -----
2015-07-13 00:33:36,455 - debug - INFO - *********** end size
2015-07-13 00:33:36,456 - debug - INFO - ***** start size 0.5
2015-07-13 00:33:36,516 - debug - INFO - ********* start cross validation
2015-07-13 00:33:36,517 - debug - INFO - start cross val
2015-07-13 00:33:37,569 - debug - INFO - end cross val
2015-07-13 00:33:37,569 - debug - INFO - start cross val
2015-07-13 00:33:39,626 - debug - INFO - end cross val
2015-07-13 00:33:39,627 - debug - INFO - ************* end cross validation
2015-07-13 00:33:40,289 - debug - INFO - ------------- end loop -----
2015-07-13 00:33:40,945 - debug - INFO - ------------- end loop -----
2015-07-13 00:33:40,948 - debug - INFO - *********** end size
2015-07-13 00:33:40,948 - debug - INFO - ***** start size 0.25
2015-07-13 00:33:41,017 - debug - INFO - ********* start cross validation
2015-07-13 00:33:41,017 - debug - INFO - start cross val
2015-07-13 00:34:47,667 - debug - INFO - *************************************** bagging
2015-07-13 00:34:47,668 - debug - INFO - ***** start adult
2015-07-13 00:34:47,668 - debug - INFO - ***** start size 0.75
2015-07-13 00:34:47,728 - debug - INFO - ********* start cross validation
2015-07-13 00:34:47,728 - debug - INFO - start cross val
2015-07-13 00:34:48,202 - debug - INFO - end cross val
2015-07-13 00:34:48,203 - debug - INFO - start cross val
2015-07-13 00:34:49,116 - debug - INFO - end cross val
2015-07-13 00:34:49,117 - debug - INFO - ************* end cross validation
2015-07-13 00:34:49,117 - debug - INFO - loop 0 size 0.75 data set adult ml bagging
2015-07-13 00:34:49,519 - debug - INFO - ------------- end loop -----
2015-07-13 00:34:49,520 - debug - INFO - loop 1 size 0.75 data set adult ml bagging
2015-07-13 00:34:49,917 - debug - INFO - ------------- end loop -----
2015-07-13 00:34:49,920 - debug - INFO - *********** end size
2015-07-13 00:34:49,920 - debug - INFO - ***** start size 0.5
2015-07-13 00:34:49,982 - debug - INFO - ********* start cross validation
2015-07-13 00:34:49,982 - debug - INFO - start cross val
2015-07-13 00:34:51,030 - debug - INFO - end cross val
2015-07-13 00:34:51,031 - debug - INFO - start cross val
2015-07-13 00:34:52,991 - debug - INFO - end cross val
2015-07-13 00:34:52,992 - debug - INFO - ************* end cross validation
2015-07-13 00:34:52,992 - debug - INFO - loop 0 size 0.5 data set adult ml bagging
2015-07-13 00:34:53,628 - debug - INFO - ------------- end loop -----
2015-07-13 00:34:53,628 - debug - INFO - loop 1 size 0.5 data set adult ml bagging
2015-07-13 00:34:54,254 - debug - INFO - ------------- end loop -----
2015-07-13 00:34:54,257 - debug - INFO - *********** end size
2015-07-13 00:34:54,257 - debug - INFO - ***** start size 0.25
2015-07-13 00:34:54,321 - debug - INFO - ********* start cross validation
2015-07-13 00:34:54,322 - debug - INFO - start cross val
2015-07-13 00:34:56,009 - debug - INFO - end cross val
2015-07-13 00:34:56,009 - debug - INFO - start cross val
2015-07-13 00:34:59,291 - debug - INFO - end cross val
2015-07-13 00:34:59,292 - debug - INFO - ************* end cross validation
2015-07-13 00:34:59,292 - debug - INFO - loop 0 size 0.25 data set adult ml bagging
2015-07-13 00:35:00,256 - debug - INFO - ------------- end loop -----
2015-07-13 00:35:00,256 - debug - INFO - loop 1 size 0.25 data set adult ml bagging
2015-07-13 00:35:01,204 - debug - INFO - ------------- end loop -----
2015-07-13 00:35:01,209 - debug - INFO - *********** end size
2015-07-13 00:35:01,209 - debug - INFO - ******* end data set
2015-07-13 00:35:01,210 - debug - INFO - ***** start heart
2015-07-13 00:35:01,210 - debug - INFO - ***** start size 0.75
2015-07-13 00:35:01,211 - debug - INFO - ********* start cross validation
2015-07-13 00:35:01,212 - debug - INFO - start cross val
2015-07-13 00:35:01,245 - debug - INFO - end cross val
2015-07-13 00:35:01,246 - debug - INFO - start cross val
2015-07-13 00:35:01,292 - debug - INFO - end cross val
2015-07-13 00:35:01,292 - debug - INFO - ************* end cross validation
2015-07-13 00:35:01,292 - debug - INFO - loop 0 size 0.75 data set heart ml bagging
2015-07-13 00:35:01,299 - debug - INFO - ------------- end loop -----
2015-07-13 00:35:01,300 - debug - INFO - loop 1 size 0.75 data set heart ml bagging
2015-07-13 00:35:01,308 - debug - INFO - ------------- end loop -----
2015-07-13 00:35:01,312 - debug - INFO - *********** end size
2015-07-13 00:35:01,313 - debug - INFO - ***** start size 0.5
2015-07-13 00:35:01,314 - debug - INFO - ********* start cross validation
2015-07-13 00:35:01,314 - debug - INFO - start cross val
2015-07-13 00:35:01,350 - debug - INFO - end cross val
2015-07-13 00:35:01,350 - debug - INFO - start cross val
2015-07-13 00:35:01,400 - debug - INFO - end cross val
2015-07-13 00:35:01,401 - debug - INFO - ************* end cross validation
2015-07-13 00:35:01,401 - debug - INFO - loop 0 size 0.5 data set heart ml bagging
2015-07-13 00:35:01,414 - debug - INFO - ------------- end loop -----
2015-07-13 00:35:01,414 - debug - INFO - loop 1 size 0.5 data set heart ml bagging
2015-07-13 00:35:01,430 - debug - INFO - ------------- end loop -----
2015-07-13 00:35:01,435 - debug - INFO - *********** end size
2015-07-13 00:35:01,435 - debug - INFO - ***** start size 0.25
2015-07-13 00:35:01,437 - debug - INFO - ********* start cross validation
2015-07-13 00:35:01,437 - debug - INFO - start cross val
2015-07-13 00:35:01,478 - debug - INFO - end cross val
2015-07-13 00:35:01,478 - debug - INFO - start cross val
2015-07-13 00:35:01,539 - debug - INFO - end cross val
2015-07-13 00:35:01,540 - debug - INFO - ************* end cross validation
2015-07-13 00:35:01,540 - debug - INFO - loop 0 size 0.25 data set heart ml bagging
2015-07-13 00:35:01,557 - debug - INFO - ------------- end loop -----
2015-07-13 00:35:01,557 - debug - INFO - loop 1 size 0.25 data set heart ml bagging
2015-07-13 00:35:01,571 - debug - INFO - ------------- end loop -----
2015-07-13 00:35:01,575 - debug - INFO - *********** end size
2015-07-13 00:35:01,575 - debug - INFO - ******* end data set
2015-07-13 00:35:01,575 - debug - INFO - ***** start letter
2015-07-13 00:35:01,575 - debug - INFO - ***** start size 0.75
2015-07-13 00:35:01,618 - debug - INFO - ********* start cross validation
2015-07-13 00:35:01,618 - debug - INFO - start cross val
2015-07-13 00:35:01,913 - debug - INFO - end cross val
2015-07-13 00:35:01,913 - debug - INFO - start cross val
2015-07-13 00:35:02,461 - debug - INFO - end cross val
2015-07-13 00:35:02,462 - debug - INFO - ************* end cross validation
2015-07-13 00:35:02,462 - debug - INFO - loop 0 size 0.75 data set letter ml bagging
2015-07-13 00:35:02,718 - debug - INFO - ------------- end loop -----
2015-07-13 00:35:02,719 - debug - INFO - loop 1 size 0.75 data set letter ml bagging
2015-07-13 00:35:02,987 - debug - INFO - ------------- end loop -----
2015-07-13 00:35:02,990 - debug - INFO - *********** end size
2015-07-13 00:35:02,990 - debug - INFO - ***** start size 0.5
2015-07-13 00:35:03,038 - debug - INFO - ********* start cross validation
2015-07-13 00:35:03,038 - debug - INFO - start cross val
2015-07-13 00:35:03,621 - debug - INFO - end cross val
2015-07-13 00:35:03,622 - debug - INFO - start cross val
2015-07-13 00:35:04,712 - debug - INFO - end cross val
2015-07-13 00:35:04,712 - debug - INFO - ************* end cross validation
2015-07-13 00:35:04,713 - debug - INFO - loop 0 size 0.5 data set letter ml bagging
2015-07-13 00:35:05,065 - debug - INFO - ------------- end loop -----
2015-07-13 00:35:05,066 - debug - INFO - loop 1 size 0.5 data set letter ml bagging
2015-07-13 00:35:05,425 - debug - INFO - ------------- end loop -----
2015-07-13 00:35:05,428 - debug - INFO - *********** end size
2015-07-13 00:35:05,428 - debug - INFO - ***** start size 0.25
2015-07-13 00:35:05,470 - debug - INFO - ********* start cross validation
2015-07-13 00:35:05,471 - debug - INFO - start cross val
2015-07-13 00:35:06,384 - debug - INFO - end cross val
2015-07-13 00:35:06,384 - debug - INFO - start cross val
2015-07-13 00:35:08,136 - debug - INFO - end cross val
2015-07-13 00:35:08,137 - debug - INFO - ************* end cross validation
2015-07-13 00:35:08,137 - debug - INFO - loop 0 size 0.25 data set letter ml bagging
2015-07-13 00:35:08,640 - debug - INFO - ------------- end loop -----
2015-07-13 00:35:08,640 - debug - INFO - loop 1 size 0.25 data set letter ml bagging
2015-07-13 00:35:09,149 - debug - INFO - ------------- end loop -----
2015-07-13 00:35:09,151 - debug - INFO - *********** end size
2015-07-13 00:35:09,152 - debug - INFO - ******* end data set
2015-07-13 00:35:09,152 - debug - INFO - ***** start austra
2015-07-13 00:35:09,152 - debug - INFO - ***** start size 0.75
2015-07-13 00:35:09,153 - debug - INFO - ********* start cross validation
2015-07-13 00:35:09,154 - debug - INFO - start cross val
2015-07-13 00:35:09,190 - debug - INFO - end cross val
2015-07-13 00:35:09,190 - debug - INFO - start cross val
2015-07-13 00:35:09,241 - debug - INFO - end cross val
2015-07-13 00:35:09,242 - debug - INFO - ************* end cross validation
2015-07-13 00:35:09,242 - debug - INFO - loop 0 size 0.75 data set austra ml bagging
2015-07-13 00:35:09,257 - debug - INFO - ------------- end loop -----
2015-07-13 00:35:09,258 - debug - INFO - loop 1 size 0.75 data set austra ml bagging
2015-07-13 00:35:09,273 - debug - INFO - ------------- end loop -----
2015-07-13 00:35:09,276 - debug - INFO - *********** end size
2015-07-13 00:35:09,276 - debug - INFO - ***** start size 0.5
2015-07-13 00:35:09,277 - debug - INFO - ********* start cross validation
2015-07-13 00:35:09,278 - debug - INFO - start cross val
2015-07-13 00:35:09,319 - debug - INFO - end cross val
2015-07-13 00:35:09,319 - debug - INFO - start cross val
2015-07-13 00:35:09,388 - debug - INFO - end cross val
2015-07-13 00:35:09,388 - debug - INFO - ************* end cross validation
2015-07-13 00:35:09,389 - debug - INFO - loop 0 size 0.5 data set austra ml bagging
2015-07-13 00:35:09,404 - debug - INFO - ------------- end loop -----
2015-07-13 00:35:09,404 - debug - INFO - loop 1 size 0.5 data set austra ml bagging
2015-07-13 00:35:09,422 - debug - INFO - ------------- end loop -----
2015-07-13 00:35:09,426 - debug - INFO - *********** end size
2015-07-13 00:35:09,427 - debug - INFO - ***** start size 0.25
2015-07-13 00:35:09,428 - debug - INFO - ********* start cross validation
2015-07-13 00:35:09,429 - debug - INFO - start cross val
2015-07-13 00:35:09,480 - debug - INFO - end cross val
2015-07-13 00:35:09,481 - debug - INFO - start cross val
2015-07-13 00:35:09,555 - debug - INFO - end cross val
2015-07-13 00:35:09,555 - debug - INFO - ************* end cross validation
2015-07-13 00:35:09,556 - debug - INFO - loop 0 size 0.25 data set austra ml bagging
2015-07-13 00:35:09,576 - debug - INFO - ------------- end loop -----
2015-07-13 00:35:09,577 - debug - INFO - loop 1 size 0.25 data set austra ml bagging
2015-07-13 00:35:09,595 - debug - INFO - ------------- end loop -----
2015-07-13 00:35:09,597 - debug - INFO - *********** end size
2015-07-13 00:35:09,597 - debug - INFO - ******* end data set
2015-07-13 00:35:09,598 - debug - INFO - ***** start german
2015-07-13 00:35:09,598 - debug - INFO - ***** start size 0.75
2015-07-13 00:35:09,600 - debug - INFO - ********* start cross validation
2015-07-13 00:35:09,600 - debug - INFO - start cross val
2015-07-13 00:35:09,652 - debug - INFO - end cross val
2015-07-13 00:35:09,652 - debug - INFO - start cross val
2015-07-13 00:35:09,723 - debug - INFO - end cross val
2015-07-13 00:35:09,724 - debug - INFO - ************* end cross validation
2015-07-13 00:35:09,724 - debug - INFO - loop 0 size 0.75 data set german ml bagging
2015-07-13 00:35:09,743 - debug - INFO - ------------- end loop -----
2015-07-13 00:35:09,744 - debug - INFO - loop 1 size 0.75 data set german ml bagging
2015-07-13 00:35:09,763 - debug - INFO - ------------- end loop -----
2015-07-13 00:35:09,765 - debug - INFO - *********** end size
2015-07-13 00:35:09,766 - debug - INFO - ***** start size 0.5
2015-07-13 00:35:09,768 - debug - INFO - ********* start cross validation
2015-07-13 00:35:09,768 - debug - INFO - start cross val
2015-07-13 00:35:09,826 - debug - INFO - end cross val
2015-07-13 00:35:09,827 - debug - INFO - start cross val
2015-07-13 00:35:09,924 - debug - INFO - end cross val
2015-07-13 00:35:09,925 - debug - INFO - ************* end cross validation
2015-07-13 00:35:09,925 - debug - INFO - loop 0 size 0.5 data set german ml bagging
2015-07-13 00:35:09,954 - debug - INFO - ------------- end loop -----
2015-07-13 00:35:09,954 - debug - INFO - loop 1 size 0.5 data set german ml bagging
2015-07-13 00:35:09,983 - debug - INFO - ------------- end loop -----
2015-07-13 00:35:09,985 - debug - INFO - *********** end size
2015-07-13 00:35:09,986 - debug - INFO - ***** start size 0.25
2015-07-13 00:35:09,988 - debug - INFO - ********* start cross validation
2015-07-13 00:35:09,988 - debug - INFO - start cross val
2015-07-13 00:35:10,060 - debug - INFO - end cross val
2015-07-13 00:35:10,061 - debug - INFO - start cross val
2015-07-13 00:35:10,196 - debug - INFO - end cross val
2015-07-13 00:35:10,197 - debug - INFO - ************* end cross validation
2015-07-13 00:35:10,197 - debug - INFO - loop 0 size 0.25 data set german ml bagging
2015-07-13 00:35:10,231 - debug - INFO - ------------- end loop -----
2015-07-13 00:35:10,231 - debug - INFO - loop 1 size 0.25 data set german ml bagging
2015-07-13 00:35:10,262 - debug - INFO - ------------- end loop -----
2015-07-13 00:35:10,264 - debug - INFO - *********** end size
2015-07-13 00:35:10,264 - debug - INFO - ******* end data set
2015-07-13 00:35:10,265 - debug - INFO - ************ end ml
2015-07-13 00:35:10,265 - debug - INFO - *************************************** knn
2015-07-13 00:35:10,265 - debug - INFO - ***** start adult
2015-07-13 00:35:10,265 - debug - INFO - ***** start size 0.75
2015-07-13 00:35:10,332 - debug - INFO - ********* start cross validation
2015-07-13 00:35:10,333 - debug - INFO - start cross val
2015-07-13 00:35:17,785 - debug - INFO - end cross val
2015-07-13 00:35:17,786 - debug - INFO - start cross val
2015-07-13 00:35:23,222 - debug - INFO - end cross val
2015-07-13 00:35:23,223 - debug - INFO - start cross val
2015-07-13 00:35:27,745 - debug - INFO - end cross val
2015-07-13 00:35:27,746 - debug - INFO - start cross val
2015-07-13 00:35:28,787 - debug - INFO - end cross val
2015-07-13 00:35:28,788 - debug - INFO - start cross val
2015-07-13 00:35:34,250 - debug - INFO - end cross val
2015-07-13 00:35:34,251 - debug - INFO - ************* end cross validation
2015-07-13 00:35:34,251 - debug - INFO - loop 0 size 0.75 data set adult ml knn
2015-07-13 00:35:37,258 - debug - INFO - ------------- end loop -----
2015-07-13 00:35:37,258 - debug - INFO - loop 1 size 0.75 data set adult ml knn
2015-07-13 00:35:40,039 - debug - INFO - ------------- end loop -----
2015-07-13 00:35:40,041 - debug - INFO - *********** end size
2015-07-13 00:35:40,041 - debug - INFO - ***** start size 0.5
2015-07-13 00:35:40,103 - debug - INFO - ********* start cross validation
2015-07-13 00:35:40,104 - debug - INFO - start cross val
2015-07-13 00:36:03,774 - debug - INFO - end cross val
2015-07-13 00:36:03,775 - debug - INFO - start cross val
2015-07-13 00:36:19,530 - debug - INFO - end cross val
2015-07-13 00:36:19,530 - debug - INFO - start cross val
2015-07-13 00:36:56,402 - debug - INFO - end cross val
2015-07-13 00:36:56,402 - debug - INFO - start cross val
2015-07-13 00:37:19,837 - debug - INFO - end cross val
2015-07-13 00:37:19,837 - debug - INFO - start cross val
2015-07-13 00:37:36,121 - debug - INFO - end cross val
2015-07-13 00:37:36,121 - debug - INFO - ************* end cross validation
2015-07-13 00:37:36,122 - debug - INFO - loop 0 size 0.5 data set adult ml knn
2015-07-13 00:38:21,977 - debug - INFO - ------------- end loop -----
2015-07-13 00:38:22,241 - debug - INFO - loop 1 size 0.5 data set adult ml knn
