2015-07-15 22:12:58,560 - boosted_debug - INFO - *************************************** boosted
2015-07-15 22:12:58,560 - boosted_debug - INFO - ***** start adult
2015-07-15 22:12:58,561 - boosted_debug - INFO - ***** start size 0.75
2015-07-15 22:12:58,626 - boosted_debug - INFO - ********* start cross validation
2015-07-15 22:12:58,626 - boosted_debug - INFO - start cross val
2015-07-15 22:12:58,976 - boosted_debug - INFO - end cross val
2015-07-15 22:12:58,976 - boosted_debug - INFO - start cross val
2015-07-15 22:12:59,550 - boosted_debug - INFO - end cross val
2015-07-15 22:12:59,550 - boosted_debug - INFO - start cross val
2015-07-15 22:13:00,617 - boosted_debug - INFO - end cross val
2015-07-15 22:13:00,617 - boosted_debug - INFO - start cross val
2015-07-15 22:13:02,650 - boosted_debug - INFO - end cross val
2015-07-15 22:13:02,651 - boosted_debug - INFO - start cross val
2015-07-15 22:13:06,604 - boosted_debug - INFO - end cross val
2015-07-15 22:13:06,605 - boosted_debug - INFO - start cross val
2015-07-15 22:13:14,336 - boosted_debug - INFO - end cross val
2015-07-15 22:13:14,336 - boosted_debug - INFO - start cross val
2015-07-15 22:13:30,494 - boosted_debug - INFO - end cross val
2015-07-15 22:13:30,495 - boosted_debug - INFO - start cross val
2015-07-15 22:14:07,231 - boosted_debug - INFO - end cross val
2015-07-15 22:14:07,232 - boosted_debug - INFO - start cross val
2015-07-15 22:15:09,124 - boosted_debug - INFO - end cross val
2015-07-15 22:15:09,125 - boosted_debug - INFO - start cross val
2015-07-15 22:17:18,465 - boosted_debug - INFO - end cross val
2015-07-15 22:17:18,466 - boosted_debug - INFO - ************* end cross validation
2015-07-15 22:17:18,466 - boosted_debug - INFO - loop 0 size 0.75 data set adult ml boosted
2015-07-15 22:17:22,988 - boosted_debug - INFO - ------------- end loop -----
2015-07-15 22:17:22,988 - boosted_debug - INFO - loop 1 size 0.75 data set adult ml boosted
2015-07-15 22:17:27,411 - boosted_debug - INFO - ------------- end loop -----
2015-07-15 22:17:27,411 - boosted_debug - INFO - loop 2 size 0.75 data set adult ml boosted
2015-07-15 22:17:31,970 - boosted_debug - INFO - ------------- end loop -----
2015-07-15 22:17:31,970 - boosted_debug - INFO - loop 3 size 0.75 data set adult ml boosted
2015-07-15 22:17:36,463 - boosted_debug - INFO - ------------- end loop -----
2015-07-15 22:17:36,463 - boosted_debug - INFO - loop 4 size 0.75 data set adult ml boosted
2015-07-15 22:17:41,361 - boosted_debug - INFO - ------------- end loop -----
2015-07-15 22:17:41,361 - boosted_debug - INFO - loop 5 size 0.75 data set adult ml boosted
2015-07-15 22:17:45,808 - boosted_debug - INFO - ------------- end loop -----
2015-07-15 22:17:45,808 - boosted_debug - INFO - loop 6 size 0.75 data set adult ml boosted
2015-07-15 22:17:50,222 - boosted_debug - INFO - ------------- end loop -----
2015-07-15 22:17:50,223 - boosted_debug - INFO - loop 7 size 0.75 data set adult ml boosted
2015-07-15 22:17:54,796 - boosted_debug - INFO - ------------- end loop -----
2015-07-15 22:17:54,797 - boosted_debug - INFO - loop 8 size 0.75 data set adult ml boosted
2015-07-15 22:17:59,606 - boosted_debug - INFO - ------------- end loop -----
2015-07-15 22:17:59,607 - boosted_debug - INFO - loop 9 size 0.75 data set adult ml boosted
2015-07-15 22:18:05,014 - boosted_debug - INFO - ------------- end loop -----
2015-07-15 22:18:05,014 - boosted_debug - INFO - loop 10 size 0.75 data set adult ml boosted
2015-07-15 22:18:10,246 - boosted_debug - INFO - ------------- end loop -----
2015-07-15 22:18:10,246 - boosted_debug - INFO - loop 11 size 0.75 data set adult ml boosted
2015-07-15 22:18:15,552 - boosted_debug - INFO - ------------- end loop -----
2015-07-15 22:18:15,553 - boosted_debug - INFO - loop 12 size 0.75 data set adult ml boosted
2015-07-15 22:18:19,957 - boosted_debug - INFO - ------------- end loop -----
2015-07-15 22:18:19,957 - boosted_debug - INFO - loop 13 size 0.75 data set adult ml boosted
2015-07-15 22:18:24,363 - boosted_debug - INFO - ------------- end loop -----
2015-07-15 22:18:24,364 - boosted_debug - INFO - loop 14 size 0.75 data set adult ml boosted
2015-07-15 22:18:28,673 - boosted_debug - INFO - ------------- end loop -----
2015-07-15 22:18:28,674 - boosted_debug - INFO - loop 15 size 0.75 data set adult ml boosted
2015-07-15 22:18:33,020 - boosted_debug - INFO - ------------- end loop -----
2015-07-15 22:18:33,021 - boosted_debug - INFO - loop 16 size 0.75 data set adult ml boosted
2015-07-15 22:18:37,355 - boosted_debug - INFO - ------------- end loop -----
2015-07-15 22:18:37,356 - boosted_debug - INFO - loop 17 size 0.75 data set adult ml boosted
2015-07-15 22:18:42,464 - boosted_debug - INFO - ------------- end loop -----
2015-07-15 22:18:42,464 - boosted_debug - INFO - loop 18 size 0.75 data set adult ml boosted
2015-07-15 22:18:46,843 - boosted_debug - INFO - ------------- end loop -----
2015-07-15 22:18:46,844 - boosted_debug - INFO - loop 19 size 0.75 data set adult ml boosted
2015-07-15 22:18:52,533 - boosted_debug - INFO - ------------- end loop -----
2015-07-15 22:18:52,534 - boosted_debug - INFO - loop 20 size 0.75 data set adult ml boosted
2015-07-15 22:18:56,848 - boosted_debug - INFO - ------------- end loop -----
2015-07-15 22:18:56,849 - boosted_debug - INFO - loop 21 size 0.75 data set adult ml boosted
2015-07-15 22:19:01,840 - boosted_debug - INFO - ------------- end loop -----
2015-07-15 22:19:01,841 - boosted_debug - INFO - loop 22 size 0.75 data set adult ml boosted
2015-07-15 22:19:06,415 - boosted_debug - INFO - ------------- end loop -----
2015-07-15 22:19:06,416 - boosted_debug - INFO - loop 23 size 0.75 data set adult ml boosted
2015-07-15 22:19:10,775 - boosted_debug - INFO - ------------- end loop -----
2015-07-15 22:19:10,776 - boosted_debug - INFO - loop 24 size 0.75 data set adult ml boosted
2015-07-15 22:19:16,124 - boosted_debug - INFO - ------------- end loop -----
2015-07-15 22:19:16,125 - boosted_debug - INFO - loop 25 size 0.75 data set adult ml boosted
2015-07-15 22:19:20,588 - boosted_debug - INFO - ------------- end loop -----
2015-07-15 22:19:20,589 - boosted_debug - INFO - loop 26 size 0.75 data set adult ml boosted
2015-07-15 22:19:25,748 - boosted_debug - INFO - ------------- end loop -----
2015-07-15 22:19:25,748 - boosted_debug - INFO - loop 27 size 0.75 data set adult ml boosted
2015-07-15 22:19:30,439 - boosted_debug - INFO - ------------- end loop -----
2015-07-15 22:19:30,439 - boosted_debug - INFO - loop 28 size 0.75 data set adult ml boosted
2015-07-15 22:19:34,894 - boosted_debug - INFO - ------------- end loop -----
2015-07-15 22:19:34,894 - boosted_debug - INFO - loop 29 size 0.75 data set adult ml boosted
2015-07-15 22:19:40,269 - boosted_debug - INFO - ------------- end loop -----
2015-07-15 22:19:40,270 - boosted_debug - INFO - loop 30 size 0.75 data set adult ml boosted
2015-07-15 22:19:44,679 - boosted_debug - INFO - ------------- end loop -----
2015-07-15 22:19:44,680 - boosted_debug - INFO - loop 31 size 0.75 data set adult ml boosted
2015-07-15 22:19:50,767 - boosted_debug - INFO - ------------- end loop -----
2015-07-15 22:19:50,767 - boosted_debug - INFO - loop 32 size 0.75 data set adult ml boosted
2015-07-15 22:19:55,239 - boosted_debug - INFO - ------------- end loop -----
2015-07-15 22:19:55,240 - boosted_debug - INFO - loop 33 size 0.75 data set adult ml boosted
2015-07-15 22:19:59,813 - boosted_debug - INFO - ------------- end loop -----
2015-07-15 22:19:59,814 - boosted_debug - INFO - loop 34 size 0.75 data set adult ml boosted
2015-07-15 22:20:04,594 - boosted_debug - INFO - ------------- end loop -----
2015-07-15 22:20:04,595 - boosted_debug - INFO - loop 35 size 0.75 data set adult ml boosted
2015-07-15 22:20:09,997 - boosted_debug - INFO - ------------- end loop -----
2015-07-15 22:20:09,998 - boosted_debug - INFO - loop 36 size 0.75 data set adult ml boosted
2015-07-15 22:20:15,284 - boosted_debug - INFO - ------------- end loop -----
2015-07-15 22:20:15,285 - boosted_debug - INFO - loop 37 size 0.75 data set adult ml boosted
2015-07-15 22:20:19,780 - boosted_debug - INFO - ------------- end loop -----
2015-07-15 22:20:19,781 - boosted_debug - INFO - loop 38 size 0.75 data set adult ml boosted
2015-07-15 22:20:24,554 - boosted_debug - INFO - ------------- end loop -----
2015-07-15 22:20:24,554 - boosted_debug - INFO - loop 39 size 0.75 data set adult ml boosted
2015-07-15 22:20:29,629 - boosted_debug - INFO - ------------- end loop -----
2015-07-15 22:20:29,630 - boosted_debug - INFO - loop 40 size 0.75 data set adult ml boosted
2015-07-15 22:20:34,066 - boosted_debug - INFO - ------------- end loop -----
2015-07-15 22:20:34,066 - boosted_debug - INFO - loop 41 size 0.75 data set adult ml boosted
2015-07-15 22:20:39,480 - boosted_debug - INFO - ------------- end loop -----
2015-07-15 22:20:39,480 - boosted_debug - INFO - loop 42 size 0.75 data set adult ml boosted
2015-07-15 22:20:44,238 - boosted_debug - INFO - ------------- end loop -----
2015-07-15 22:20:44,239 - boosted_debug - INFO - loop 43 size 0.75 data set adult ml boosted
2015-07-15 22:20:49,303 - boosted_debug - INFO - ------------- end loop -----
2015-07-15 22:20:49,304 - boosted_debug - INFO - loop 44 size 0.75 data set adult ml boosted
2015-07-15 22:20:54,660 - boosted_debug - INFO - ------------- end loop -----
2015-07-15 22:20:54,661 - boosted_debug - INFO - loop 45 size 0.75 data set adult ml boosted
2015-07-15 22:20:59,085 - boosted_debug - INFO - ------------- end loop -----
2015-07-15 22:20:59,086 - boosted_debug - INFO - loop 46 size 0.75 data set adult ml boosted
2015-07-15 22:21:03,700 - boosted_debug - INFO - ------------- end loop -----
2015-07-15 22:21:03,701 - boosted_debug - INFO - loop 47 size 0.75 data set adult ml boosted
2015-07-15 22:21:08,844 - boosted_debug - INFO - ------------- end loop -----
2015-07-15 22:21:08,845 - boosted_debug - INFO - loop 48 size 0.75 data set adult ml boosted
2015-07-15 22:21:14,040 - boosted_debug - INFO - ------------- end loop -----
2015-07-15 22:21:14,041 - boosted_debug - INFO - loop 49 size 0.75 data set adult ml boosted
2015-07-15 22:21:19,072 - boosted_debug - INFO - ------------- end loop -----
2015-07-15 22:21:19,079 - boosted_debug - INFO - *********** end size
2015-07-15 22:21:19,080 - boosted_debug - INFO - ***** start size 0.5
2015-07-15 22:21:19,162 - boosted_debug - INFO - ********* start cross validation
2015-07-15 22:21:19,163 - boosted_debug - INFO - start cross val
2015-07-15 22:21:19,964 - boosted_debug - INFO - end cross val
2015-07-15 22:21:19,964 - boosted_debug - INFO - start cross val
2015-07-15 22:21:22,138 - boosted_debug - INFO - end cross val
2015-07-15 22:21:22,138 - boosted_debug - INFO - start cross val
2015-07-15 22:21:25,139 - boosted_debug - INFO - end cross val
2015-07-15 22:21:25,139 - boosted_debug - INFO - start cross val
2015-07-15 22:21:30,041 - boosted_debug - INFO - end cross val
2015-07-15 22:21:30,042 - boosted_debug - INFO - start cross val
2015-07-15 22:21:40,393 - boosted_debug - INFO - end cross val
2015-07-15 22:21:40,393 - boosted_debug - INFO - start cross val
2015-07-15 22:21:59,894 - boosted_debug - INFO - end cross val
2015-07-15 22:21:59,894 - boosted_debug - INFO - start cross val
2015-07-15 22:22:38,158 - boosted_debug - INFO - end cross val
2015-07-15 22:22:38,158 - boosted_debug - INFO - start cross val
2015-07-15 22:23:53,212 - boosted_debug - INFO - end cross val
2015-07-15 22:23:53,212 - boosted_debug - INFO - start cross val
2015-07-15 22:26:20,022 - boosted_debug - INFO - end cross val
2015-07-15 22:26:20,023 - boosted_debug - INFO - start cross val
2015-07-15 22:31:25,748 - boosted_debug - INFO - end cross val
2015-07-15 22:31:25,749 - boosted_debug - INFO - ************* end cross validation
2015-07-15 22:31:25,752 - boosted_debug - INFO - loop 0 size 0.5 data set adult ml boosted
2015-07-15 22:31:45,412 - boosted_debug - INFO - ------------- end loop -----
2015-07-15 22:31:45,413 - boosted_debug - INFO - loop 1 size 0.5 data set adult ml boosted
2015-07-15 22:32:05,137 - boosted_debug - INFO - ------------- end loop -----
2015-07-15 22:32:05,138 - boosted_debug - INFO - loop 2 size 0.5 data set adult ml boosted
2015-07-15 22:32:25,164 - boosted_debug - INFO - ------------- end loop -----
2015-07-15 22:32:25,165 - boosted_debug - INFO - loop 3 size 0.5 data set adult ml boosted
2015-07-15 22:32:46,599 - boosted_debug - INFO - ------------- end loop -----
2015-07-15 22:32:46,600 - boosted_debug - INFO - loop 4 size 0.5 data set adult ml boosted
2015-07-15 22:33:05,905 - boosted_debug - INFO - ------------- end loop -----
2015-07-15 22:33:05,905 - boosted_debug - INFO - loop 5 size 0.5 data set adult ml boosted
2015-07-15 22:33:25,234 - boosted_debug - INFO - ------------- end loop -----
2015-07-15 22:33:25,234 - boosted_debug - INFO - loop 6 size 0.5 data set adult ml boosted
2015-07-15 22:33:45,229 - boosted_debug - INFO - ------------- end loop -----
2015-07-15 22:33:45,229 - boosted_debug - INFO - loop 7 size 0.5 data set adult ml boosted
2015-07-15 22:34:04,426 - boosted_debug - INFO - ------------- end loop -----
2015-07-15 22:34:04,426 - boosted_debug - INFO - loop 8 size 0.5 data set adult ml boosted
2015-07-15 22:34:23,939 - boosted_debug - INFO - ------------- end loop -----
2015-07-15 22:34:23,939 - boosted_debug - INFO - loop 9 size 0.5 data set adult ml boosted
2015-07-15 22:34:44,100 - boosted_debug - INFO - ------------- end loop -----
2015-07-15 22:34:44,100 - boosted_debug - INFO - loop 10 size 0.5 data set adult ml boosted
2015-07-15 22:35:03,843 - boosted_debug - INFO - ------------- end loop -----
2015-07-15 22:35:03,844 - boosted_debug - INFO - loop 11 size 0.5 data set adult ml boosted
2015-07-15 22:35:23,266 - boosted_debug - INFO - ------------- end loop -----
2015-07-15 22:35:23,267 - boosted_debug - INFO - loop 12 size 0.5 data set adult ml boosted
2015-07-15 22:35:42,669 - boosted_debug - INFO - ------------- end loop -----
2015-07-15 22:35:42,670 - boosted_debug - INFO - loop 13 size 0.5 data set adult ml boosted
2015-07-15 22:36:01,946 - boosted_debug - INFO - ------------- end loop -----
2015-07-15 22:36:01,947 - boosted_debug - INFO - loop 14 size 0.5 data set adult ml boosted
2015-07-15 22:36:21,816 - boosted_debug - INFO - ------------- end loop -----
2015-07-15 22:36:21,817 - boosted_debug - INFO - loop 15 size 0.5 data set adult ml boosted
2015-07-15 22:36:41,478 - boosted_debug - INFO - ------------- end loop -----
2015-07-15 22:36:41,479 - boosted_debug - INFO - loop 16 size 0.5 data set adult ml boosted
2015-07-15 22:37:00,699 - boosted_debug - INFO - ------------- end loop -----
2015-07-15 22:37:00,700 - boosted_debug - INFO - loop 17 size 0.5 data set adult ml boosted
2015-07-15 22:37:20,042 - boosted_debug - INFO - ------------- end loop -----
2015-07-15 22:37:20,043 - boosted_debug - INFO - loop 18 size 0.5 data set adult ml boosted
2015-07-15 22:37:38,668 - boosted_debug - INFO - ------------- end loop -----
2015-07-15 22:37:38,669 - boosted_debug - INFO - loop 19 size 0.5 data set adult ml boosted
2015-07-15 22:37:57,518 - boosted_debug - INFO - ------------- end loop -----
2015-07-15 22:37:57,519 - boosted_debug - INFO - loop 20 size 0.5 data set adult ml boosted
2015-07-15 22:38:18,512 - boosted_debug - INFO - ------------- end loop -----
2015-07-15 22:38:18,513 - boosted_debug - INFO - loop 21 size 0.5 data set adult ml boosted
2015-07-15 22:38:38,306 - boosted_debug - INFO - ------------- end loop -----
2015-07-15 22:38:38,306 - boosted_debug - INFO - loop 22 size 0.5 data set adult ml boosted
2015-07-15 22:38:57,556 - boosted_debug - INFO - ------------- end loop -----
2015-07-15 22:38:57,556 - boosted_debug - INFO - loop 23 size 0.5 data set adult ml boosted
2015-07-15 22:39:16,923 - boosted_debug - INFO - ------------- end loop -----
2015-07-15 22:39:16,923 - boosted_debug - INFO - loop 24 size 0.5 data set adult ml boosted
2015-07-15 22:39:35,370 - boosted_debug - INFO - ------------- end loop -----
2015-07-15 22:39:35,370 - boosted_debug - INFO - loop 25 size 0.5 data set adult ml boosted
2015-07-15 22:39:52,673 - boosted_debug - INFO - ------------- end loop -----
2015-07-15 22:39:52,674 - boosted_debug - INFO - loop 26 size 0.5 data set adult ml boosted
2015-07-15 22:40:11,997 - boosted_debug - INFO - ------------- end loop -----
2015-07-15 22:40:11,997 - boosted_debug - INFO - loop 27 size 0.5 data set adult ml boosted
2015-07-15 22:40:29,298 - boosted_debug - INFO - ------------- end loop -----
2015-07-15 22:40:29,298 - boosted_debug - INFO - loop 28 size 0.5 data set adult ml boosted
2015-07-15 22:40:46,923 - boosted_debug - INFO - ------------- end loop -----
2015-07-15 22:40:46,923 - boosted_debug - INFO - loop 29 size 0.5 data set adult ml boosted
2015-07-15 22:41:04,564 - boosted_debug - INFO - ------------- end loop -----
2015-07-15 22:41:04,565 - boosted_debug - INFO - loop 30 size 0.5 data set adult ml boosted
2015-07-15 22:41:23,490 - boosted_debug - INFO - ------------- end loop -----
2015-07-15 22:41:23,491 - boosted_debug - INFO - loop 31 size 0.5 data set adult ml boosted
2015-07-15 22:41:44,749 - boosted_debug - INFO - ------------- end loop -----
2015-07-15 22:41:44,749 - boosted_debug - INFO - loop 32 size 0.5 data set adult ml boosted
2015-07-15 22:42:03,301 - boosted_debug - INFO - ------------- end loop -----
2015-07-15 22:42:03,301 - boosted_debug - INFO - loop 33 size 0.5 data set adult ml boosted
2015-07-15 22:42:21,631 - boosted_debug - INFO - ------------- end loop -----
2015-07-15 22:42:21,632 - boosted_debug - INFO - loop 34 size 0.5 data set adult ml boosted
2015-07-15 22:42:43,091 - boosted_debug - INFO - ------------- end loop -----
2015-07-15 22:42:43,092 - boosted_debug - INFO - loop 35 size 0.5 data set adult ml boosted
2015-07-15 22:43:00,612 - boosted_debug - INFO - ------------- end loop -----
2015-07-15 22:43:00,613 - boosted_debug - INFO - loop 36 size 0.5 data set adult ml boosted
2015-07-15 22:43:17,879 - boosted_debug - INFO - ------------- end loop -----
2015-07-15 22:43:17,879 - boosted_debug - INFO - loop 37 size 0.5 data set adult ml boosted
2015-07-15 22:43:35,140 - boosted_debug - INFO - ------------- end loop -----
2015-07-15 22:43:35,140 - boosted_debug - INFO - loop 38 size 0.5 data set adult ml boosted
2015-07-15 22:43:52,566 - boosted_debug - INFO - ------------- end loop -----
2015-07-15 22:43:52,566 - boosted_debug - INFO - loop 39 size 0.5 data set adult ml boosted
2015-07-15 22:44:10,904 - boosted_debug - INFO - ------------- end loop -----
2015-07-15 22:44:10,904 - boosted_debug - INFO - loop 40 size 0.5 data set adult ml boosted
2015-07-15 22:44:29,180 - boosted_debug - INFO - ------------- end loop -----
2015-07-15 22:44:29,181 - boosted_debug - INFO - loop 41 size 0.5 data set adult ml boosted
2015-07-15 22:44:46,960 - boosted_debug - INFO - ------------- end loop -----
2015-07-15 22:44:46,961 - boosted_debug - INFO - loop 42 size 0.5 data set adult ml boosted
2015-07-15 22:45:05,473 - boosted_debug - INFO - ------------- end loop -----
2015-07-15 22:45:05,474 - boosted_debug - INFO - loop 43 size 0.5 data set adult ml boosted
2015-07-15 22:45:23,549 - boosted_debug - INFO - ------------- end loop -----
2015-07-15 22:45:23,549 - boosted_debug - INFO - loop 44 size 0.5 data set adult ml boosted
2015-07-15 22:45:41,732 - boosted_debug - INFO - ------------- end loop -----
2015-07-15 22:45:41,732 - boosted_debug - INFO - loop 45 size 0.5 data set adult ml boosted
2015-07-15 22:45:59,531 - boosted_debug - INFO - ------------- end loop -----
2015-07-15 22:45:59,531 - boosted_debug - INFO - loop 46 size 0.5 data set adult ml boosted
2015-07-15 22:46:17,298 - boosted_debug - INFO - ------------- end loop -----
2015-07-15 22:46:17,298 - boosted_debug - INFO - loop 47 size 0.5 data set adult ml boosted
2015-07-15 22:46:37,639 - boosted_debug - INFO - ------------- end loop -----
2015-07-15 22:46:37,639 - boosted_debug - INFO - loop 48 size 0.5 data set adult ml boosted
2015-07-15 22:46:58,481 - boosted_debug - INFO - ------------- end loop -----
2015-07-15 22:46:58,482 - boosted_debug - INFO - loop 49 size 0.5 data set adult ml boosted
2015-07-15 22:47:15,669 - boosted_debug - INFO - ------------- end loop -----
2015-07-15 22:47:15,673 - boosted_debug - INFO - *********** end size
2015-07-15 22:47:15,673 - boosted_debug - INFO - ***** start size 0.25
2015-07-15 22:47:15,746 - boosted_debug - INFO - ********* start cross validation
2015-07-15 22:47:15,747 - boosted_debug - INFO - start cross val
2015-07-15 22:47:16,867 - boosted_debug - INFO - end cross val
2015-07-15 22:47:16,868 - boosted_debug - INFO - start cross val
2015-07-15 22:47:19,151 - boosted_debug - INFO - end cross val
2015-07-15 22:47:19,152 - boosted_debug - INFO - start cross val
2015-07-15 22:47:23,624 - boosted_debug - INFO - end cross val
2015-07-15 22:47:23,625 - boosted_debug - INFO - start cross val
2015-07-15 22:47:32,355 - boosted_debug - INFO - end cross val
2015-07-15 22:47:32,356 - boosted_debug - INFO - start cross val
2015-07-15 22:47:47,468 - boosted_debug - INFO - end cross val
2015-07-15 22:47:47,468 - boosted_debug - INFO - start cross val
2015-07-15 22:48:14,833 - boosted_debug - INFO - end cross val
2015-07-15 22:48:14,833 - boosted_debug - INFO - start cross val
2015-07-15 22:49:08,817 - boosted_debug - INFO - end cross val
2015-07-15 22:49:08,817 - boosted_debug - INFO - start cross val
2015-07-15 22:51:02,425 - boosted_debug - INFO - end cross val
2015-07-15 22:51:02,426 - boosted_debug - INFO - start cross val
2015-07-15 22:54:37,688 - boosted_debug - INFO - end cross val
2015-07-15 22:54:37,688 - boosted_debug - INFO - start cross val
2015-07-15 23:01:05,471 - boosted_debug - INFO - end cross val
2015-07-15 23:01:05,472 - boosted_debug - INFO - ************* end cross validation
2015-07-15 23:01:05,472 - boosted_debug - INFO - loop 0 size 0.25 data set adult ml boosted
2015-07-15 23:01:50,711 - boosted_debug - INFO - ------------- end loop -----
2015-07-15 23:01:50,711 - boosted_debug - INFO - loop 1 size 0.25 data set adult ml boosted
2015-07-15 23:02:40,182 - boosted_debug - INFO - ------------- end loop -----
2015-07-15 23:02:40,183 - boosted_debug - INFO - loop 2 size 0.25 data set adult ml boosted
2015-07-15 23:03:28,470 - boosted_debug - INFO - ------------- end loop -----
2015-07-15 23:03:28,471 - boosted_debug - INFO - loop 3 size 0.25 data set adult ml boosted
2015-07-15 23:04:16,355 - boosted_debug - INFO - ------------- end loop -----
2015-07-15 23:04:16,356 - boosted_debug - INFO - loop 4 size 0.25 data set adult ml boosted
2015-07-15 23:05:05,318 - boosted_debug - INFO - ------------- end loop -----
2015-07-15 23:05:05,319 - boosted_debug - INFO - loop 5 size 0.25 data set adult ml boosted
2015-07-15 23:05:52,954 - boosted_debug - INFO - ------------- end loop -----
2015-07-15 23:05:52,955 - boosted_debug - INFO - loop 6 size 0.25 data set adult ml boosted
2015-07-15 23:06:40,805 - boosted_debug - INFO - ------------- end loop -----
2015-07-15 23:06:40,805 - boosted_debug - INFO - loop 7 size 0.25 data set adult ml boosted
2015-07-15 23:07:29,415 - boosted_debug - INFO - ------------- end loop -----
2015-07-15 23:07:29,415 - boosted_debug - INFO - loop 8 size 0.25 data set adult ml boosted
2015-07-15 23:08:15,405 - boosted_debug - INFO - ------------- end loop -----
2015-07-15 23:08:15,405 - boosted_debug - INFO - loop 9 size 0.25 data set adult ml boosted
2015-07-15 23:09:03,706 - boosted_debug - INFO - ------------- end loop -----
2015-07-15 23:09:03,707 - boosted_debug - INFO - loop 10 size 0.25 data set adult ml boosted
2015-07-15 23:09:51,474 - boosted_debug - INFO - ------------- end loop -----
2015-07-15 23:09:51,474 - boosted_debug - INFO - loop 11 size 0.25 data set adult ml boosted
2015-07-15 23:10:39,309 - boosted_debug - INFO - ------------- end loop -----
2015-07-15 23:10:39,309 - boosted_debug - INFO - loop 12 size 0.25 data set adult ml boosted
2015-07-15 23:11:27,039 - boosted_debug - INFO - ------------- end loop -----
2015-07-15 23:11:27,039 - boosted_debug - INFO - loop 13 size 0.25 data set adult ml boosted
2015-07-15 23:12:14,290 - boosted_debug - INFO - ------------- end loop -----
2015-07-15 23:12:14,290 - boosted_debug - INFO - loop 14 size 0.25 data set adult ml boosted
2015-07-15 23:13:02,352 - boosted_debug - INFO - ------------- end loop -----
2015-07-15 23:13:02,353 - boosted_debug - INFO - loop 15 size 0.25 data set adult ml boosted
2015-07-15 23:13:50,491 - boosted_debug - INFO - ------------- end loop -----
2015-07-15 23:13:50,491 - boosted_debug - INFO - loop 16 size 0.25 data set adult ml boosted
2015-07-15 23:14:37,248 - boosted_debug - INFO - ------------- end loop -----
2015-07-15 23:14:37,248 - boosted_debug - INFO - loop 17 size 0.25 data set adult ml boosted
2015-07-15 23:15:25,414 - boosted_debug - INFO - ------------- end loop -----
2015-07-15 23:15:25,415 - boosted_debug - INFO - loop 18 size 0.25 data set adult ml boosted
2015-07-15 23:16:11,419 - boosted_debug - INFO - ------------- end loop -----
2015-07-15 23:16:11,420 - boosted_debug - INFO - loop 19 size 0.25 data set adult ml boosted
2015-07-15 23:16:59,516 - boosted_debug - INFO - ------------- end loop -----
2015-07-15 23:16:59,516 - boosted_debug - INFO - loop 20 size 0.25 data set adult ml boosted
2015-07-15 23:17:46,581 - boosted_debug - INFO - ------------- end loop -----
2015-07-15 23:17:46,582 - boosted_debug - INFO - loop 21 size 0.25 data set adult ml boosted
2015-07-15 23:18:34,329 - boosted_debug - INFO - ------------- end loop -----
2015-07-15 23:18:34,330 - boosted_debug - INFO - loop 22 size 0.25 data set adult ml boosted
2015-07-15 23:19:22,315 - boosted_debug - INFO - ------------- end loop -----
2015-07-15 23:19:22,316 - boosted_debug - INFO - loop 23 size 0.25 data set adult ml boosted
2015-07-15 23:20:09,730 - boosted_debug - INFO - ------------- end loop -----
2015-07-15 23:20:09,731 - boosted_debug - INFO - loop 24 size 0.25 data set adult ml boosted
2015-07-15 23:20:55,655 - boosted_debug - INFO - ------------- end loop -----
2015-07-15 23:20:55,656 - boosted_debug - INFO - loop 25 size 0.25 data set adult ml boosted
2015-07-15 23:21:40,564 - boosted_debug - INFO - ------------- end loop -----
2015-07-15 23:21:40,565 - boosted_debug - INFO - loop 26 size 0.25 data set adult ml boosted
2015-07-15 23:22:26,458 - boosted_debug - INFO - ------------- end loop -----
2015-07-15 23:22:26,459 - boosted_debug - INFO - loop 27 size 0.25 data set adult ml boosted
2015-07-15 23:23:12,983 - boosted_debug - INFO - ------------- end loop -----
2015-07-15 23:23:12,984 - boosted_debug - INFO - loop 28 size 0.25 data set adult ml boosted
2015-07-15 23:23:59,896 - boosted_debug - INFO - ------------- end loop -----
2015-07-15 23:23:59,896 - boosted_debug - INFO - loop 29 size 0.25 data set adult ml boosted
2015-07-15 23:24:46,420 - boosted_debug - INFO - ------------- end loop -----
2015-07-15 23:24:46,421 - boosted_debug - INFO - loop 30 size 0.25 data set adult ml boosted
2015-07-15 23:25:35,905 - boosted_debug - INFO - ------------- end loop -----
2015-07-15 23:25:35,906 - boosted_debug - INFO - loop 31 size 0.25 data set adult ml boosted
2015-07-15 23:26:23,547 - boosted_debug - INFO - ------------- end loop -----
2015-07-15 23:26:23,547 - boosted_debug - INFO - loop 32 size 0.25 data set adult ml boosted
2015-07-15 23:27:10,539 - boosted_debug - INFO - ------------- end loop -----
2015-07-15 23:27:10,540 - boosted_debug - INFO - loop 33 size 0.25 data set adult ml boosted
2015-07-15 23:27:58,132 - boosted_debug - INFO - ------------- end loop -----
2015-07-15 23:27:58,132 - boosted_debug - INFO - loop 34 size 0.25 data set adult ml boosted
2015-07-15 23:28:45,231 - boosted_debug - INFO - ------------- end loop -----
2015-07-15 23:28:45,231 - boosted_debug - INFO - loop 35 size 0.25 data set adult ml boosted
2015-07-15 23:29:33,205 - boosted_debug - INFO - ------------- end loop -----
2015-07-15 23:29:33,205 - boosted_debug - INFO - loop 36 size 0.25 data set adult ml boosted
2015-07-15 23:30:20,797 - boosted_debug - INFO - ------------- end loop -----
2015-07-15 23:30:20,798 - boosted_debug - INFO - loop 37 size 0.25 data set adult ml boosted
2015-07-15 23:31:08,295 - boosted_debug - INFO - ------------- end loop -----
2015-07-15 23:31:08,295 - boosted_debug - INFO - loop 38 size 0.25 data set adult ml boosted
